<?xml version="1.0" encoding="UTF-8"?>
<!-- Generated by org.testng.reporters.JUnitReportReporter -->
<testsuite hostname="DESKTOP-AL7G9RU" failures="0" tests="1" name="Seleniumbasics.SeleniumRadiobutton" time="12.608" errors="0" timestamp="2020-04-16T16:30:44 EDT" skipped="0">
  <testcase classname="Seleniumbasics.SeleniumRadiobutton" name="xpath" time="12.608"/>
</testsuite> <!-- Seleniumbasics.SeleniumRadiobutton -->
