<?xml version="1.0" encoding="UTF-8"?>
<!-- Generated by org.testng.reporters.JUnitReportReporter -->
<testsuite hostname="DESKTOP-AL7G9RU" failures="0" tests="1" name="Seleniumbasics.SeleniumAlerts" time="11.984" errors="0" timestamp="2020-04-24T16:54:14 EDT" skipped="0">
  <testcase classname="Seleniumbasics.SeleniumAlerts" name="test1" time="11.984"/>
</testsuite> <!-- Seleniumbasics.SeleniumAlerts -->
