<?xml version="1.0" encoding="UTF-8"?>
<!-- Generated by org.testng.reporters.JUnitReportReporter -->
<testsuite hostname="DESKTOP-AL7G9RU" failures="0" tests="1" name="OffshoreDemo.Testngannota" time="0.008" errors="0" timestamp="2020-04-22T07:42:28 EDT" skipped="0">
  <testcase classname="OffshoreDemo.Testngannota" name="f" time="0.008"/>
</testsuite> <!-- OffshoreDemo.Testngannota -->
