<?xml version="1.0" encoding="UTF-8"?>
<!-- Generated by org.testng.reporters.JUnitReportReporter -->
<testsuite hostname="DESKTOP-AL7G9RU" failures="0" tests="1" name="Seleniumbasics.TestNGBrowserparameter" time="9.156" errors="0" timestamp="2020-05-02T22:09:30 EDT" skipped="0">
  <testcase classname="Seleniumbasics.TestNGBrowserparameter" name="test2" time="9.156"/>
</testsuite> <!-- Seleniumbasics.TestNGBrowserparameter -->
